app/admin/itineraries/components/ItineraryTemplateEditor.tsx(17,24): error TS2307: Cannot find module '@/components/ui/switch' or its corresponding type declarations.
app/admin/itineraries/components/TemplateEditor.tsx(10,24): error TS2307: Cannot find module '@/components/ui/switch' or its corresponding type declarations.
app/admin/itineraries/components/TemplateSectionsEditor.tsx(30,28): error TS2307: Cannot find module '@/components/ui/time-picker' or its corresponding type declarations.
app/design-sandbox.tsx(18,24): error TS2307: Cannot find module '@/components/ui/switch' or its corresponding type declarations.
app/design-sandbox/design-sandbox-client.tsx(23,24): error TS2307: Cannot find module '@/components/ui/switch' or its corresponding type declarations.
app/design-sandbox/design-sandbox-client.tsx(31,24): error TS2307: Cannot find module '@/components/ui/slider' or its corresponding type declarations.
app/design-sandbox/design-sandbox-client.tsx(70,33): error TS2307: Cannot find module '@/components/trips/ShareTripButton' or its corresponding type declarations.
app/design-sandbox/design-sandbox-client.tsx(74,26): error TS2307: Cannot find module '@/components/trips/trip-card' or its corresponding type declarations.
app/design-sandbox/design-sandbox-client.tsx(75,34): error TS2307: Cannot find module '@/components/ui/features/trips/activity-timeline' or its corresponding type declarations.
app/design-sandbox/design-sandbox-client.tsx(76,28): error TS2307: Cannot find module '@/components/trips/TripVoting' or its corresponding type declarations.
app/destinations/components/DestinationsCarousel.tsx(11,8): error TS2307: Cannot find module '@/components/ui/carousel' or its corresponding type declarations.
app/disabled-routes/countries/country-disabled/CountryPageClient.tsx(21,8): error TS2307: Cannot find module '@/components/ui/breadcrumb' or its corresponding type declarations.
app/groups/[id]/group-detail-client.tsx(81,27): error TS2307: Cannot find module '@/components/ui/data-table' or its corresponding type declarations.
app/groups/[id]/group-detail-client.tsx(93,28): error TS2307: Cannot find module '@/components/groups/molecules' or its corresponding type declarations.
app/groups/[id]/plans/[slug]/components/idea-comments.tsx(26,36): error TS2307: Cannot find module '@/components/ui/features/auth/organisms/AuthModal' or its corresponding type declarations.
app/groups/[id]/plans/[slug]/ideas-whiteboard.tsx(61,29): error TS2307: Cannot find module '@/components/ui/atoms/ThemeToggle' or its corresponding type declarations.
app/groups/[id]/plans/[slug]/ideas-whiteboard.tsx(62,29): error TS2307: Cannot find module '@/components/ui/avatar-group' or its corresponding type declarations.
app/groups/[id]/plans/[slug]/ideas-whiteboard.tsx(65,36): error TS2307: Cannot find module '@/components/ui/collapsible-section' or its corresponding type declarations.
app/groups/[id]/plans/[slug]/plans-client.tsx(14,25): error TS2307: Cannot find module '@/components/ui/Heading' or its corresponding type declarations.
app/groups/[id]/plans/[slug]/plans-client.tsx(15,22): error TS2307: Cannot find module '@/components/ui/Text' or its corresponding type declarations.
app/groups/[id]/plans/[slug]/plans-client.tsx(16,38): error TS2307: Cannot find module '@/components/ui/VoteAndDecideSection' or its corresponding type declarations.
app/groups/components/group-settings-modal.tsx(17,24): error TS2307: Cannot find module '@/components/ui/switch' or its corresponding type declarations.
app/groups/components/groups-landing-page-client.tsx(13,43): error TS2307: Cannot find module '@/components/ui/CollaborativeItinerarySection' or its corresponding type declarations.
app/groups/groups-client.tsx(35,39): error TS2307: Cannot find module '@/components/groups/molecules' or its corresponding type declarations.
app/groups/groups-client.tsx(36,42): error TS2307: Cannot find module '@/components/groups/molecules/DeleteConfirmationDialog' or its corresponding type declarations.
app/itineraries/client-wrapper.tsx(10,39): error TS2307: Cannot find module '@/components/itinerary-template-card' or its corresponding type declarations.
app/itineraries/page.tsx(15,31): error TS2307: Cannot find module '@/components/ui/ItineraryCard' or its corresponding type declarations.
app/itineraries/page.tsx(20,25): error TS2307: Cannot find module '@/components/ui/Heading' or its corresponding type declarations.
app/itineraries/page.tsx(21,22): error TS2307: Cannot find module '@/components/ui/Text' or its corresponding type declarations.
app/itineraries/page.tsx(22,25): error TS2307: Cannot find module '@/components/ui/section' or its corresponding type declarations.
app/itineraries/page.tsx(23,39): error TS2307: Cannot find module '@/components/itinerary-template-card' or its corresponding type declarations.
app/itineraries/page.tsx(24,34): error TS2307: Cannot find module '@/components/ui/FullBleedSection' or its corresponding type declarations.
app/itineraries/submit/page-client.tsx(22,24): error TS2307: Cannot find module '@/components/ui/switch' or its corresponding type declarations.
app/layout.tsx(15,25): error TS2307: Cannot find module '@/components/ui/toaster' or its corresponding type declarations.
app/login/page.tsx(17,27): error TS2307: Cannot find module '@/components/ui/features/auth/molecules/LoginForm' or its corresponding type declarations.
app/settings/notifications/page.tsx(9,24): error TS2307: Cannot find module '@/components/ui/switch' or its corresponding type declarations.
app/settings/page.tsx(30,24): error TS2307: Cannot find module '@/components/ui/switch' or its corresponding type declarations.
app/trips/[tripId]/components/tab-contents/budget-tab-content.tsx(7,39): error TS2307: Cannot find module '@/components/ui/features/trips/organisms/BudgetSnapshotSidebar' or its corresponding type declarations.
app/trips/[tripId]/components/tab-contents/history-tab-content.tsx(8,10): error TS2307: Cannot find module '@/components/ui/features/trips/activity-timeline' or its corresponding type declarations.
app/trips/[tripId]/components/tab-contents/places-tab-content.tsx(13,27): error TS2307: Cannot find module '@/components/ui/features/places/organisms/PlaceList' or its corresponding type declarations.
app/trips/[tripId]/components/tab-contents/places-tab-content.tsx(14,23): error TS2307: Cannot find module '@/components/ui/features/places/molecules/PlaceCard' or its corresponding type declarations.
app/trips/[tripId]/manage/page.tsx(25,24): error TS2307: Cannot find module '@/components/ui/switch' or its corresponding type declarations.
app/trips/[tripId]/trip-page-client-wrapper.tsx(388,14): error TS2552: Cannot find name 'TripProvider'. Did you mean 'TripDataProvider'?
app/trips/[tripId]/trip-page-client-wrapper.tsx(394,15): error TS2552: Cannot find name 'TripProvider'. Did you mean 'TripDataProvider'?
app/trips/[tripId]/trip-page-client.tsx(174,36): error TS2307: Cannot find module '@/components/ui/collapsible-section' or its corresponding type declarations.
app/trips/[tripId]/trip-page-client.tsx(175,36): error TS2307: Cannot find module '@/components/ui/features/auth/organisms/AuthModal' or its corresponding type declarations.
app/trips/[tripId]/trip-page-client.tsx(176,39): error TS2307: Cannot find module '@/components/ui/features/trips/molecules/CompactBudgetSnapshot' or its corresponding type declarations.
app/trips/create/components/CreateTripForm.tsx(44,36): error TS2307: Cannot find module '@/components/ui/features/auth/organisms/AuthModal' or its corresponding type declarations.
app/trips/manage/page.tsx(6,26): error TS2307: Cannot find module '../components/TripTabs' or its corresponding type declarations.
app/trips/page.tsx(5,32): error TS2307: Cannot find module './components/HeroSectionWrapper' or its corresponding type declarations.
app/trips/page.tsx(11,39): error TS2307: Cannot find module '@/components/ui/SharedPresenceSection' or its corresponding type declarations.
app/trips/page.tsx(12,41): error TS2307: Cannot find module './components/ExpenseMarketingSection' or its corresponding type declarations.
app/trips/public/[slug]/public-trip-page-client.tsx(14,28): error TS2307: Cannot find module '@/components/ui/features/trips/organisms/TripHeader' or its corresponding type declarations.
app/trips/public/[slug]/public-trip-page-client.tsx(23,35): error TS2307: Cannot find module '@/components/itinerary/ItineraryItemCard' or its corresponding type declarations.
components/admin/SurveyEditDialog.tsx(2,51): error TS2307: Cannot find module '../research/ResearchModal' or its corresponding type declarations.
components/admin/SurveyPreviewModal.tsx(2,53): error TS2307: Cannot find module '../research/ResearchModal' or its corresponding type declarations.
components/client-layout.tsx(10,25): error TS2307: Cannot find module '@/components/ui/toaster' or its corresponding type declarations.
components/client-side-providers.tsx(5,27): error TS2307: Cannot find module '@/components/ui/features/auth' or its corresponding type declarations.
components/client-side-providers.tsx(11,25): error TS2307: Cannot find module '@/components/ui/toaster' or its corresponding type declarations.
components/destinations/destination-feature-section.tsx(3,25): error TS2307: Cannot find module '@/components/ui/section' or its corresponding type declarations.
components/destinations/destination-feature-section.tsx(4,30): error TS2307: Cannot find module '@/components/ui/content-block' or its corresponding type declarations.
components/destinations/templates/TrendingDestinations.tsx(19,8): error TS2307: Cannot find module '@/components/ui/carousel' or its corresponding type declarations.
components/expenses/molecules/expense-item-card.tsx(20,32): error TS2307: Cannot find module '@/hooks/use-trip-budget' or its corresponding type declarations.
components/expenses/organisms/expense-form.tsx(49,32): error TS2307: Cannot find module '@/hooks/use-trip-budget' or its corresponding type declarations.
components/faq/molecules/FAQItem.tsx(9,69): error TS2307: Cannot find module '@/components/ui/collapsible' or its corresponding type declarations.
components/hero-section.tsx(14,41): error TS2307: Cannot find module './ui/PopularDestinationsGrid' or its corresponding type declarations.
components/images/image-search-selector.tsx(19,24): error TS2307: Cannot find module '@/components/ui/slider' or its corresponding type declarations.
components/index.ts(15,34): error TS2307: Cannot find module './ui/features/core/atoms/FullBleedSection' or its corresponding type declarations.
components/index.ts(16,22): error TS2307: Cannot find module './ui/features/core/atoms/Text' or its corresponding type declarations.
components/index.ts(20,28): error TS2307: Cannot find module './ui/features/trips/organisms/TripHeader' or its corresponding type declarations.
components/index.ts(22,32): error TS2307: Cannot find module './ui/features/trips/organisms/TripManagement' or its corresponding type declarations.
components/index.ts(25,22): error TS2307: Cannot find module './ui/features/tasks/organisms/Task' or its corresponding type declarations.
components/index.ts(26,26): error TS2307: Cannot find module './ui/features/tasks/molecules/TaskItem' or its corresponding type declarations.
components/index.ts(29,33): error TS2307: Cannot find module './ui/features/destinations/molecules/DestinationCard' or its corresponding type declarations.
components/itinerary/DayDropZone.tsx(5,35): error TS2307: Cannot find module './ItineraryItemCard' or its corresponding type declarations.
components/itinerary/itinerary-item-form.tsx(37,69): error TS2307: Cannot find module '@/components/ui/collapsible' or its corresponding type declarations.
components/itinerary/itinerary-tab.tsx(34,35): error TS2307: Cannot find module '@/components/itinerary/ItineraryItemCard' or its corresponding type declarations.
components/itinerary/itinerary-tab.tsx(37,37): error TS2307: Cannot find module './ItineraryDaySection' or its corresponding type declarations.
components/itinerary/itinerary-tab.tsx(43,41): error TS2307: Cannot find module './UnscheduledItemsSection' or its corresponding type declarations.
components/itinerary/TripDetailsSection.tsx(8,35): error TS2307: Cannot find module './ItineraryItemCard' or its corresponding type declarations.
components/ItineraryDaySection.tsx(3,35): error TS2307: Cannot find module '@/components/itinerary/ItineraryItemCard' or its corresponding type declarations.
components/layout/NavbarThemeToggle.tsx(2,29): error TS2307: Cannot find module '@/components/ui/atoms/ThemeToggle' or its corresponding type declarations.
components/notes/atoms/NoteContent.tsx(11,44): error TS2307: Cannot find module 'react-syntax-highlighter' or its corresponding type declarations.
components/notes/atoms/NoteContent.tsx(12,29): error TS2307: Cannot find module 'react-syntax-highlighter/dist/esm/styles/prism' or its corresponding type declarations.
components/onboarding/InterestSelector.tsx(4,24): error TS2307: Cannot find module '@/components/ui/slider' or its corresponding type declarations.
components/popular-itineraries.tsx(4,39): error TS2307: Cannot find module '@/components/itinerary-template-card' or its corresponding type declarations.
components/providers.tsx(8,25): error TS2307: Cannot find module '@/components/ui/toaster' or its corresponding type declarations.
components/search/command-menu.tsx(13,8): error TS2307: Cannot find module '@/components/ui/command' or its corresponding type declarations.
components/SharedPresenceSection.tsx(3,36): error TS2307: Cannot find module '@/components/ui/MultiCityItinerary' or its corresponding type declarations.
components/Task.tsx(33,30): error TS2307: Cannot find module '@/components/ui/loader-circle' or its corresponding type declarations.
components/trending-destinations.tsx(15,8): error TS2307: Cannot find module '@/components/ui/carousel' or its corresponding type declarations.
components/trending-destinations.tsx(22,33): error TS2307: Cannot find module '@/components/ui/features/destinations/molecules/DestinationCard' or its corresponding type declarations.
components/trips/item-comments.tsx(6,28): error TS2307: Cannot find module '@/components/ui/user-avatar' or its corresponding type declarations.
components/trips/SimplifiedTripHeader.tsx(11,39): error TS2307: Cannot find module '@/components/ui/features/trips/molecules/CompactBudgetSnapshot' or its corresponding type declarations.
components/user/UserSettings.tsx(16,24): error TS2307: Cannot find module '@/components/ui/switch' or its corresponding type declarations.
components/viator/ViatorExperienceGrid.tsx(4,24): error TS2307: Cannot find module '@/components/ui/slider' or its corresponding type declarations.
hooks/use-trips.ts(85,20): error TS2304: Cannot find name 'TripListParams'.
hooks/use-trips.ts(119,20): error TS2304: Cannot find name 'TripListParams'.
utils/supabase/pages.ts(6,44): error TS2307: Cannot find module '@supabase/auth-helpers-nextjs' or its corresponding type declarations.
